<?xml version="1.0" encoding="UTF-8"?>
<testsuite xmlns:xsi="http://www.w3.org/2001/XMLSchema-instance" xsi:noNamespaceSchemaLocation="https://maven.apache.org/surefire/maven-surefire-plugin/xsd/surefire-test-report.xsd" name="com.yzl.demo.DemoApplicationTests" time="2.198" tests="5" errors="0" skipped="0" failures="0">
  <properties>
    <property name="sun.desktop" value="windows"/>
    <property name="awt.toolkit" value="sun.awt.windows.WToolkit"/>
    <property name="file.encoding.pkg" value="sun.io"/>
    <property name="java.specification.version" value="1.8"/>
    <property name="sun.cpu.isalist" value="amd64"/>
    <property name="sun.jnu.encoding" value="GBK"/>
    <property name="java.class.path" value="D:\projectDev\back\demo\target\test-classes;D:\projectDev\back\demo\target\classes;D:\maven-repository\org\springframework\boot\spring-boot-starter-web\2.7.16\spring-boot-starter-web-2.7.16.jar;D:\maven-repository\org\springframework\boot\spring-boot-starter\2.7.16\spring-boot-starter-2.7.16.jar;D:\maven-repository\org\springframework\boot\spring-boot-starter-logging\2.7.16\spring-boot-starter-logging-2.7.16.jar;D:\maven-repository\ch\qos\logback\logback-classic\1.2.12\logback-classic-1.2.12.jar;D:\maven-repository\ch\qos\logback\logback-core\1.2.12\logback-core-1.2.12.jar;D:\maven-repository\org\apache\logging\log4j\log4j-to-slf4j\2.17.2\log4j-to-slf4j-2.17.2.jar;D:\maven-repository\org\apache\logging\log4j\log4j-api\2.17.2\log4j-api-2.17.2.jar;D:\maven-repository\org\slf4j\jul-to-slf4j\1.7.36\jul-to-slf4j-1.7.36.jar;D:\maven-repository\jakarta\annotation\jakarta.annotation-api\1.3.5\jakarta.annotation-api-1.3.5.jar;D:\maven-repository\org\yaml\snakeyaml\1.30\snakeyaml-1.30.jar;D:\maven-repository\org\springframework\boot\spring-boot-starter-json\2.7.16\spring-boot-starter-json-2.7.16.jar;D:\maven-repository\com\fasterxml\jackson\datatype\jackson-datatype-jdk8\2.13.5\jackson-datatype-jdk8-2.13.5.jar;D:\maven-repository\com\fasterxml\jackson\datatype\jackson-datatype-jsr310\2.13.5\jackson-datatype-jsr310-2.13.5.jar;D:\maven-repository\com\fasterxml\jackson\module\jackson-module-parameter-names\2.13.5\jackson-module-parameter-names-2.13.5.jar;D:\maven-repository\org\springframework\boot\spring-boot-starter-tomcat\2.7.16\spring-boot-starter-tomcat-2.7.16.jar;D:\maven-repository\org\apache\tomcat\embed\tomcat-embed-core\9.0.80\tomcat-embed-core-9.0.80.jar;D:\maven-repository\org\apache\tomcat\embed\tomcat-embed-el\9.0.80\tomcat-embed-el-9.0.80.jar;D:\maven-repository\org\apache\tomcat\embed\tomcat-embed-websocket\9.0.80\tomcat-embed-websocket-9.0.80.jar;D:\maven-repository\org\springframework\spring-web\5.3.30\spring-web-5.3.30.jar;D:\maven-repository\org\springframework\spring-beans\5.3.30\spring-beans-5.3.30.jar;D:\maven-repository\org\springframework\spring-webmvc\5.3.30\spring-webmvc-5.3.30.jar;D:\maven-repository\org\springframework\spring-aop\5.3.30\spring-aop-5.3.30.jar;D:\maven-repository\org\springframework\spring-context\5.3.30\spring-context-5.3.30.jar;D:\maven-repository\org\springframework\spring-expression\5.3.30\spring-expression-5.3.30.jar;D:\maven-repository\org\springframework\boot\spring-boot-devtools\2.7.16\spring-boot-devtools-2.7.16.jar;D:\maven-repository\org\springframework\boot\spring-boot\2.7.16\spring-boot-2.7.16.jar;D:\maven-repository\org\springframework\boot\spring-boot-autoconfigure\2.7.16\spring-boot-autoconfigure-2.7.16.jar;D:\maven-repository\com\mysql\mysql-connector-j\8.0.33\mysql-connector-j-8.0.33.jar;D:\maven-repository\org\projectlombok\lombok\1.18.30\lombok-1.18.30.jar;D:\maven-repository\org\springframework\boot\spring-boot-starter-test\2.7.16\spring-boot-starter-test-2.7.16.jar;D:\maven-repository\org\springframework\boot\spring-boot-test\2.7.16\spring-boot-test-2.7.16.jar;D:\maven-repository\org\springframework\boot\spring-boot-test-autoconfigure\2.7.16\spring-boot-test-autoconfigure-2.7.16.jar;D:\maven-repository\com\jayway\jsonpath\json-path\2.7.0\json-path-2.7.0.jar;D:\maven-repository\net\minidev\json-smart\2.4.11\json-smart-2.4.11.jar;D:\maven-repository\net\minidev\accessors-smart\2.4.11\accessors-smart-2.4.11.jar;D:\maven-repository\jakarta\xml\bind\jakarta.xml.bind-api\2.3.3\jakarta.xml.bind-api-2.3.3.jar;D:\maven-repository\jakarta\activation\jakarta.activation-api\1.2.2\jakarta.activation-api-1.2.2.jar;D:\maven-repository\org\assertj\assertj-core\3.22.0\assertj-core-3.22.0.jar;D:\maven-repository\org\hamcrest\hamcrest\2.2\hamcrest-2.2.jar;D:\maven-repository\org\junit\jupiter\junit-jupiter\5.8.2\junit-jupiter-5.8.2.jar;D:\maven-repository\org\junit\jupiter\junit-jupiter-api\5.8.2\junit-jupiter-api-5.8.2.jar;D:\maven-repository\org\opentest4j\opentest4j\1.2.0\opentest4j-1.2.0.jar;D:\maven-repository\org\junit\platform\junit-platform-commons\1.8.2\junit-platform-commons-1.8.2.jar;D:\maven-repository\org\apiguardian\apiguardian-api\1.1.2\apiguardian-api-1.1.2.jar;D:\maven-repository\org\junit\jupiter\junit-jupiter-params\5.8.2\junit-jupiter-params-5.8.2.jar;D:\maven-repository\org\junit\jupiter\junit-jupiter-engine\5.8.2\junit-jupiter-engine-5.8.2.jar;D:\maven-repository\org\junit\platform\junit-platform-engine\1.8.2\junit-platform-engine-1.8.2.jar;D:\maven-repository\org\mockito\mockito-core\4.5.1\mockito-core-4.5.1.jar;D:\maven-repository\net\bytebuddy\byte-buddy\1.12.23\byte-buddy-1.12.23.jar;D:\maven-repository\net\bytebuddy\byte-buddy-agent\1.12.23\byte-buddy-agent-1.12.23.jar;D:\maven-repository\org\objenesis\objenesis\3.2\objenesis-3.2.jar;D:\maven-repository\org\mockito\mockito-junit-jupiter\4.5.1\mockito-junit-jupiter-4.5.1.jar;D:\maven-repository\org\skyscreamer\jsonassert\1.5.1\jsonassert-1.5.1.jar;D:\maven-repository\com\vaadin\external\google\android-json\0.0.20131108.vaadin1\android-json-0.0.20131108.vaadin1.jar;D:\maven-repository\org\springframework\spring-core\5.3.30\spring-core-5.3.30.jar;D:\maven-repository\org\springframework\spring-jcl\5.3.30\spring-jcl-5.3.30.jar;D:\maven-repository\org\springframework\spring-test\5.3.30\spring-test-5.3.30.jar;D:\maven-repository\org\xmlunit\xmlunit-core\2.9.1\xmlunit-core-2.9.1.jar;D:\maven-repository\com\baomidou\mybatis-plus-boot-starter\3.5.1\mybatis-plus-boot-starter-3.5.1.jar;D:\maven-repository\com\baomidou\mybatis-plus\3.5.1\mybatis-plus-3.5.1.jar;D:\maven-repository\com\baomidou\mybatis-plus-extension\3.5.1\mybatis-plus-extension-3.5.1.jar;D:\maven-repository\com\baomidou\mybatis-plus-core\3.5.1\mybatis-plus-core-3.5.1.jar;D:\maven-repository\com\baomidou\mybatis-plus-annotation\3.5.1\mybatis-plus-annotation-3.5.1.jar;D:\maven-repository\com\github\jsqlparser\jsqlparser\4.3\jsqlparser-4.3.jar;D:\maven-repository\org\mybatis\mybatis\3.5.9\mybatis-3.5.9.jar;D:\maven-repository\org\mybatis\mybatis-spring\2.0.6\mybatis-spring-2.0.6.jar;D:\maven-repository\org\springframework\boot\spring-boot-starter-jdbc\2.7.16\spring-boot-starter-jdbc-2.7.16.jar;D:\maven-repository\com\zaxxer\HikariCP\4.0.3\HikariCP-4.0.3.jar;D:\maven-repository\org\springframework\spring-jdbc\5.3.30\spring-jdbc-5.3.30.jar;D:\maven-repository\org\springframework\spring-tx\5.3.30\spring-tx-5.3.30.jar;D:\maven-repository\com\squareup\okhttp3\okhttp\4.9.1\okhttp-4.9.1.jar;D:\maven-repository\com\squareup\okio\okio\2.8.0\okio-2.8.0.jar;D:\maven-repository\org\jetbrains\kotlin\kotlin-stdlib-common\1.6.21\kotlin-stdlib-common-1.6.21.jar;D:\maven-repository\org\jetbrains\kotlin\kotlin-stdlib\1.6.21\kotlin-stdlib-1.6.21.jar;D:\maven-repository\org\jetbrains\annotations\13.0\annotations-13.0.jar;D:\maven-repository\com\alibaba\fastjson\1.2.83\fastjson-1.2.83.jar;D:\maven-repository\commons-beanutils\commons-beanutils\1.9.3\commons-beanutils-1.9.3.jar;D:\maven-repository\commons-collections\commons-collections\3.2.1\commons-collections-3.2.1.jar;D:\maven-repository\commons-lang\commons-lang\2.6\commons-lang-2.6.jar;D:\maven-repository\commons-logging\commons-logging\1.1.1\commons-logging-1.1.1.jar;D:\maven-repository\net\sf\ezmorph\ezmorph\1.0.6\ezmorph-1.0.6.jar;D:\maven-repository\net\sf\json-lib\json-lib\2.2.3\json-lib-2.2.3-jdk15.jar;D:\maven-repository\com\fasterxml\jackson\core\jackson-databind\2.14.0-rc1\jackson-databind-2.14.0-rc1.jar;D:\maven-repository\com\fasterxml\jackson\core\jackson-annotations\2.13.5\jackson-annotations-2.13.5.jar;D:\maven-repository\com\fasterxml\jackson\core\jackson-core\2.14.0-rc1\jackson-core-2.14.0-rc1.jar;D:\maven-repository\com\fasterxml\jackson\dataformat\jackson-dataformat-smile\2.14.0-rc1\jackson-dataformat-smile-2.14.0-rc1.jar;D:\maven-repository\cn\afterturn\easypoi-spring-boot-starter\4.2.0\easypoi-spring-boot-starter-4.2.0.jar;D:\maven-repository\cn\afterturn\easypoi-web\4.2.0\easypoi-web-4.2.0.jar;D:\maven-repository\cn\afterturn\easypoi-base\3.2.0\easypoi-base-3.2.0.jar;D:\maven-repository\org\apache\poi\poi\3.15\poi-3.15.jar;D:\maven-repository\commons-codec\commons-codec\1.15\commons-codec-1.15.jar;D:\maven-repository\org\apache\commons\commons-collections4\4.1\commons-collections4-4.1.jar;D:\maven-repository\org\apache\poi\poi-ooxml\3.15\poi-ooxml-3.15.jar;D:\maven-repository\com\github\virtuald\curvesapi\1.04\curvesapi-1.04.jar;D:\maven-repository\org\apache\poi\poi-ooxml-schemas\3.15\poi-ooxml-schemas-3.15.jar;D:\maven-repository\org\apache\xmlbeans\xmlbeans\2.6.0\xmlbeans-2.6.0.jar;D:\maven-repository\stax\stax-api\1.0.1\stax-api-1.0.1.jar;D:\maven-repository\com\google\guava\guava\16.0.1\guava-16.0.1.jar;D:\maven-repository\org\apache\commons\commons-lang3\3.12.0\commons-lang3-3.12.0.jar;D:\maven-repository\org\slf4j\slf4j-api\1.7.36\slf4j-api-1.7.36.jar;D:\maven-repository\javax\validation\validation-api\2.0.1.Final\validation-api-2.0.1.Final.jar;D:\maven-repository\cn\afterturn\easypoi-annotation\3.2.0\easypoi-annotation-3.2.0.jar;D:\maven-repository\com\alibaba\easyexcel\3.0.5\easyexcel-3.0.5.jar;D:\maven-repository\org\apache\commons\commons-csv\1.8\commons-csv-1.8.jar;D:\maven-repository\cglib\cglib\3.3.0\cglib-3.3.0.jar;D:\maven-repository\org\ow2\asm\asm\7.1\asm-7.1.jar;D:\maven-repository\org\ehcache\ehcache\3.10.8\ehcache-3.10.8.jar;D:\maven-repository\javax\cache\cache-api\1.1.1\cache-api-1.1.1.jar;D:\maven-repository\org\glassfish\jaxb\jaxb-runtime\2.3.8\jaxb-runtime-2.3.8.jar;D:\maven-repository\org\glassfish\jaxb\txw2\2.3.8\txw2-2.3.8.jar;D:\maven-repository\com\sun\istack\istack-commons-runtime\3.0.12\istack-commons-runtime-3.0.12.jar;D:\maven-repository\com\sun\activation\jakarta.activation\1.2.2\jakarta.activation-1.2.2.jar;"/>
    <property name="java.vm.vendor" value="Oracle Corporation"/>
    <property name="sun.arch.data.model" value="64"/>
    <property name="user.variant" value=""/>
    <property name="java.vendor.url" value="http://java.oracle.com/"/>
    <property name="user.timezone" value="Asia/Shanghai"/>
    <property name="java.vm.specification.version" value="1.8"/>
    <property name="os.name" value="Windows 10"/>
    <property name="user.country" value="CN"/>
    <property name="sun.java.launcher" value="SUN_STANDARD"/>
    <property name="sun.boot.library.path" value="D:\devTool\jdk\jre\bin"/>
    <property name="sun.java.command" value="C:\Users\yzl001\AppData\Local\Temp\surefire221687899198699018\surefirebooter3817189167651969770.jar C:\Users\yzl001\AppData\Local\Temp\surefire221687899198699018 2023-11-21T16-07-51_411-jvmRun1 surefire3805386529298200890tmp surefire_05069369950440144210tmp"/>
    <property name="surefire.test.class.path" value="D:\projectDev\back\demo\target\test-classes;D:\projectDev\back\demo\target\classes;D:\maven-repository\org\springframework\boot\spring-boot-starter-web\2.7.16\spring-boot-starter-web-2.7.16.jar;D:\maven-repository\org\springframework\boot\spring-boot-starter\2.7.16\spring-boot-starter-2.7.16.jar;D:\maven-repository\org\springframework\boot\spring-boot-starter-logging\2.7.16\spring-boot-starter-logging-2.7.16.jar;D:\maven-repository\ch\qos\logback\logback-classic\1.2.12\logback-classic-1.2.12.jar;D:\maven-repository\ch\qos\logback\logback-core\1.2.12\logback-core-1.2.12.jar;D:\maven-repository\org\apache\logging\log4j\log4j-to-slf4j\2.17.2\log4j-to-slf4j-2.17.2.jar;D:\maven-repository\org\apache\logging\log4j\log4j-api\2.17.2\log4j-api-2.17.2.jar;D:\maven-repository\org\slf4j\jul-to-slf4j\1.7.36\jul-to-slf4j-1.7.36.jar;D:\maven-repository\jakarta\annotation\jakarta.annotation-api\1.3.5\jakarta.annotation-api-1.3.5.jar;D:\maven-repository\org\yaml\snakeyaml\1.30\snakeyaml-1.30.jar;D:\maven-repository\org\springframework\boot\spring-boot-starter-json\2.7.16\spring-boot-starter-json-2.7.16.jar;D:\maven-repository\com\fasterxml\jackson\datatype\jackson-datatype-jdk8\2.13.5\jackson-datatype-jdk8-2.13.5.jar;D:\maven-repository\com\fasterxml\jackson\datatype\jackson-datatype-jsr310\2.13.5\jackson-datatype-jsr310-2.13.5.jar;D:\maven-repository\com\fasterxml\jackson\module\jackson-module-parameter-names\2.13.5\jackson-module-parameter-names-2.13.5.jar;D:\maven-repository\org\springframework\boot\spring-boot-starter-tomcat\2.7.16\spring-boot-starter-tomcat-2.7.16.jar;D:\maven-repository\org\apache\tomcat\embed\tomcat-embed-core\9.0.80\tomcat-embed-core-9.0.80.jar;D:\maven-repository\org\apache\tomcat\embed\tomcat-embed-el\9.0.80\tomcat-embed-el-9.0.80.jar;D:\maven-repository\org\apache\tomcat\embed\tomcat-embed-websocket\9.0.80\tomcat-embed-websocket-9.0.80.jar;D:\maven-repository\org\springframework\spring-web\5.3.30\spring-web-5.3.30.jar;D:\maven-repository\org\springframework\spring-beans\5.3.30\spring-beans-5.3.30.jar;D:\maven-repository\org\springframework\spring-webmvc\5.3.30\spring-webmvc-5.3.30.jar;D:\maven-repository\org\springframework\spring-aop\5.3.30\spring-aop-5.3.30.jar;D:\maven-repository\org\springframework\spring-context\5.3.30\spring-context-5.3.30.jar;D:\maven-repository\org\springframework\spring-expression\5.3.30\spring-expression-5.3.30.jar;D:\maven-repository\org\springframework\boot\spring-boot-devtools\2.7.16\spring-boot-devtools-2.7.16.jar;D:\maven-repository\org\springframework\boot\spring-boot\2.7.16\spring-boot-2.7.16.jar;D:\maven-repository\org\springframework\boot\spring-boot-autoconfigure\2.7.16\spring-boot-autoconfigure-2.7.16.jar;D:\maven-repository\com\mysql\mysql-connector-j\8.0.33\mysql-connector-j-8.0.33.jar;D:\maven-repository\org\projectlombok\lombok\1.18.30\lombok-1.18.30.jar;D:\maven-repository\org\springframework\boot\spring-boot-starter-test\2.7.16\spring-boot-starter-test-2.7.16.jar;D:\maven-repository\org\springframework\boot\spring-boot-test\2.7.16\spring-boot-test-2.7.16.jar;D:\maven-repository\org\springframework\boot\spring-boot-test-autoconfigure\2.7.16\spring-boot-test-autoconfigure-2.7.16.jar;D:\maven-repository\com\jayway\jsonpath\json-path\2.7.0\json-path-2.7.0.jar;D:\maven-repository\net\minidev\json-smart\2.4.11\json-smart-2.4.11.jar;D:\maven-repository\net\minidev\accessors-smart\2.4.11\accessors-smart-2.4.11.jar;D:\maven-repository\jakarta\xml\bind\jakarta.xml.bind-api\2.3.3\jakarta.xml.bind-api-2.3.3.jar;D:\maven-repository\jakarta\activation\jakarta.activation-api\1.2.2\jakarta.activation-api-1.2.2.jar;D:\maven-repository\org\assertj\assertj-core\3.22.0\assertj-core-3.22.0.jar;D:\maven-repository\org\hamcrest\hamcrest\2.2\hamcrest-2.2.jar;D:\maven-repository\org\junit\jupiter\junit-jupiter\5.8.2\junit-jupiter-5.8.2.jar;D:\maven-repository\org\junit\jupiter\junit-jupiter-api\5.8.2\junit-jupiter-api-5.8.2.jar;D:\maven-repository\org\opentest4j\opentest4j\1.2.0\opentest4j-1.2.0.jar;D:\maven-repository\org\junit\platform\junit-platform-commons\1.8.2\junit-platform-commons-1.8.2.jar;D:\maven-repository\org\apiguardian\apiguardian-api\1.1.2\apiguardian-api-1.1.2.jar;D:\maven-repository\org\junit\jupiter\junit-jupiter-params\5.8.2\junit-jupiter-params-5.8.2.jar;D:\maven-repository\org\junit\jupiter\junit-jupiter-engine\5.8.2\junit-jupiter-engine-5.8.2.jar;D:\maven-repository\org\junit\platform\junit-platform-engine\1.8.2\junit-platform-engine-1.8.2.jar;D:\maven-repository\org\mockito\mockito-core\4.5.1\mockito-core-4.5.1.jar;D:\maven-repository\net\bytebuddy\byte-buddy\1.12.23\byte-buddy-1.12.23.jar;D:\maven-repository\net\bytebuddy\byte-buddy-agent\1.12.23\byte-buddy-agent-1.12.23.jar;D:\maven-repository\org\objenesis\objenesis\3.2\objenesis-3.2.jar;D:\maven-repository\org\mockito\mockito-junit-jupiter\4.5.1\mockito-junit-jupiter-4.5.1.jar;D:\maven-repository\org\skyscreamer\jsonassert\1.5.1\jsonassert-1.5.1.jar;D:\maven-repository\com\vaadin\external\google\android-json\0.0.20131108.vaadin1\android-json-0.0.20131108.vaadin1.jar;D:\maven-repository\org\springframework\spring-core\5.3.30\spring-core-5.3.30.jar;D:\maven-repository\org\springframework\spring-jcl\5.3.30\spring-jcl-5.3.30.jar;D:\maven-repository\org\springframework\spring-test\5.3.30\spring-test-5.3.30.jar;D:\maven-repository\org\xmlunit\xmlunit-core\2.9.1\xmlunit-core-2.9.1.jar;D:\maven-repository\com\baomidou\mybatis-plus-boot-starter\3.5.1\mybatis-plus-boot-starter-3.5.1.jar;D:\maven-repository\com\baomidou\mybatis-plus\3.5.1\mybatis-plus-3.5.1.jar;D:\maven-repository\com\baomidou\mybatis-plus-extension\3.5.1\mybatis-plus-extension-3.5.1.jar;D:\maven-repository\com\baomidou\mybatis-plus-core\3.5.1\mybatis-plus-core-3.5.1.jar;D:\maven-repository\com\baomidou\mybatis-plus-annotation\3.5.1\mybatis-plus-annotation-3.5.1.jar;D:\maven-repository\com\github\jsqlparser\jsqlparser\4.3\jsqlparser-4.3.jar;D:\maven-repository\org\mybatis\mybatis\3.5.9\mybatis-3.5.9.jar;D:\maven-repository\org\mybatis\mybatis-spring\2.0.6\mybatis-spring-2.0.6.jar;D:\maven-repository\org\springframework\boot\spring-boot-starter-jdbc\2.7.16\spring-boot-starter-jdbc-2.7.16.jar;D:\maven-repository\com\zaxxer\HikariCP\4.0.3\HikariCP-4.0.3.jar;D:\maven-repository\org\springframework\spring-jdbc\5.3.30\spring-jdbc-5.3.30.jar;D:\maven-repository\org\springframework\spring-tx\5.3.30\spring-tx-5.3.30.jar;D:\maven-repository\com\squareup\okhttp3\okhttp\4.9.1\okhttp-4.9.1.jar;D:\maven-repository\com\squareup\okio\okio\2.8.0\okio-2.8.0.jar;D:\maven-repository\org\jetbrains\kotlin\kotlin-stdlib-common\1.6.21\kotlin-stdlib-common-1.6.21.jar;D:\maven-repository\org\jetbrains\kotlin\kotlin-stdlib\1.6.21\kotlin-stdlib-1.6.21.jar;D:\maven-repository\org\jetbrains\annotations\13.0\annotations-13.0.jar;D:\maven-repository\com\alibaba\fastjson\1.2.83\fastjson-1.2.83.jar;D:\maven-repository\commons-beanutils\commons-beanutils\1.9.3\commons-beanutils-1.9.3.jar;D:\maven-repository\commons-collections\commons-collections\3.2.1\commons-collections-3.2.1.jar;D:\maven-repository\commons-lang\commons-lang\2.6\commons-lang-2.6.jar;D:\maven-repository\commons-logging\commons-logging\1.1.1\commons-logging-1.1.1.jar;D:\maven-repository\net\sf\ezmorph\ezmorph\1.0.6\ezmorph-1.0.6.jar;D:\maven-repository\net\sf\json-lib\json-lib\2.2.3\json-lib-2.2.3-jdk15.jar;D:\maven-repository\com\fasterxml\jackson\core\jackson-databind\2.14.0-rc1\jackson-databind-2.14.0-rc1.jar;D:\maven-repository\com\fasterxml\jackson\core\jackson-annotations\2.13.5\jackson-annotations-2.13.5.jar;D:\maven-repository\com\fasterxml\jackson\core\jackson-core\2.14.0-rc1\jackson-core-2.14.0-rc1.jar;D:\maven-repository\com\fasterxml\jackson\dataformat\jackson-dataformat-smile\2.14.0-rc1\jackson-dataformat-smile-2.14.0-rc1.jar;D:\maven-repository\cn\afterturn\easypoi-spring-boot-starter\4.2.0\easypoi-spring-boot-starter-4.2.0.jar;D:\maven-repository\cn\afterturn\easypoi-web\4.2.0\easypoi-web-4.2.0.jar;D:\maven-repository\cn\afterturn\easypoi-base\3.2.0\easypoi-base-3.2.0.jar;D:\maven-repository\org\apache\poi\poi\3.15\poi-3.15.jar;D:\maven-repository\commons-codec\commons-codec\1.15\commons-codec-1.15.jar;D:\maven-repository\org\apache\commons\commons-collections4\4.1\commons-collections4-4.1.jar;D:\maven-repository\org\apache\poi\poi-ooxml\3.15\poi-ooxml-3.15.jar;D:\maven-repository\com\github\virtuald\curvesapi\1.04\curvesapi-1.04.jar;D:\maven-repository\org\apache\poi\poi-ooxml-schemas\3.15\poi-ooxml-schemas-3.15.jar;D:\maven-repository\org\apache\xmlbeans\xmlbeans\2.6.0\xmlbeans-2.6.0.jar;D:\maven-repository\stax\stax-api\1.0.1\stax-api-1.0.1.jar;D:\maven-repository\com\google\guava\guava\16.0.1\guava-16.0.1.jar;D:\maven-repository\org\apache\commons\commons-lang3\3.12.0\commons-lang3-3.12.0.jar;D:\maven-repository\org\slf4j\slf4j-api\1.7.36\slf4j-api-1.7.36.jar;D:\maven-repository\javax\validation\validation-api\2.0.1.Final\validation-api-2.0.1.Final.jar;D:\maven-repository\cn\afterturn\easypoi-annotation\3.2.0\easypoi-annotation-3.2.0.jar;D:\maven-repository\com\alibaba\easyexcel\3.0.5\easyexcel-3.0.5.jar;D:\maven-repository\org\apache\commons\commons-csv\1.8\commons-csv-1.8.jar;D:\maven-repository\cglib\cglib\3.3.0\cglib-3.3.0.jar;D:\maven-repository\org\ow2\asm\asm\7.1\asm-7.1.jar;D:\maven-repository\org\ehcache\ehcache\3.10.8\ehcache-3.10.8.jar;D:\maven-repository\javax\cache\cache-api\1.1.1\cache-api-1.1.1.jar;D:\maven-repository\org\glassfish\jaxb\jaxb-runtime\2.3.8\jaxb-runtime-2.3.8.jar;D:\maven-repository\org\glassfish\jaxb\txw2\2.3.8\txw2-2.3.8.jar;D:\maven-repository\com\sun\istack\istack-commons-runtime\3.0.12\istack-commons-runtime-3.0.12.jar;D:\maven-repository\com\sun\activation\jakarta.activation\1.2.2\jakarta.activation-1.2.2.jar;"/>
    <property name="sun.cpu.endian" value="little"/>
    <property name="user.home" value="C:\Users\yzl001"/>
    <property name="user.language" value="zh"/>
    <property name="java.specification.vendor" value="Oracle Corporation"/>
    <property name="java.home" value="D:\devTool\jdk\jre"/>
    <property name="basedir" value="D:\projectDev\back\demo"/>
    <property name="file.separator" value="\"/>
    <property name="line.separator" value="&#10;"/>
    <property name="java.vm.specification.vendor" value="Oracle Corporation"/>
    <property name="java.specification.name" value="Java Platform API Specification"/>
    <property name="java.awt.graphicsenv" value="sun.awt.Win32GraphicsEnvironment"/>
    <property name="surefire.real.class.path" value="C:\Users\yzl001\AppData\Local\Temp\surefire221687899198699018\surefirebooter3817189167651969770.jar"/>
    <property name="sun.boot.class.path" value="D:\devTool\jdk\jre\lib\resources.jar;D:\devTool\jdk\jre\lib\rt.jar;D:\devTool\jdk\jre\lib\sunrsasign.jar;D:\devTool\jdk\jre\lib\jsse.jar;D:\devTool\jdk\jre\lib\jce.jar;D:\devTool\jdk\jre\lib\charsets.jar;D:\devTool\jdk\jre\lib\jfr.jar;D:\devTool\jdk\jre\classes"/>
    <property name="user.script" value=""/>
    <property name="sun.management.compiler" value="HotSpot 64-Bit Tiered Compilers"/>
    <property name="java.runtime.version" value="1.8.0_131-b11"/>
    <property name="user.name" value="yzl001"/>
    <property name="path.separator" value=";"/>
    <property name="os.version" value="10.0"/>
    <property name="java.endorsed.dirs" value="D:\devTool\jdk\jre\lib\endorsed"/>
    <property name="java.runtime.name" value="Java(TM) SE Runtime Environment"/>
    <property name="file.encoding" value="GBK"/>
    <property name="java.vm.name" value="Java HotSpot(TM) 64-Bit Server VM"/>
    <property name="localRepository" value="D:\maven-repository"/>
    <property name="java.vendor.url.bug" value="http://bugreport.sun.com/bugreport/"/>
    <property name="java.io.tmpdir" value="C:\Users\yzl001\AppData\Local\Temp\"/>
    <property name="idea.version" value="2021.3.3"/>
    <property name="java.version" value="1.8.0_131"/>
    <property name="user.dir" value="D:\projectDev\back\demo"/>
    <property name="os.arch" value="amd64"/>
    <property name="java.vm.specification.name" value="Java Virtual Machine Specification"/>
    <property name="java.awt.printerjob" value="sun.awt.windows.WPrinterJob"/>
    <property name="sun.os.patch.level" value=""/>
    <property name="java.library.path" value="D:\devTool\jdk\jre\bin;C:\Windows\Sun\Java\bin;C:\Windows\system32;C:\Windows;D:\devTool\VMware\bin\;C:\ProgramData\Oracle\Java\javapath;C:\Windows\system32;C:\Windows;C:\Windows\System32\Wbem;C:\Windows\System32\WindowsPowerShell\v1.0\;C:\Windows\System32\OpenSSH\;C:\Program Files\dotnet\;C:\Program Files (x86)\dotnet\;D:\devTool\Xftp\;D:\devTool\jdk\bin;D:\devTool\maven\apache-maven-3.6.3\bin;D:\devTool\git\Git\cmd;D:\devTool\nodejs\;C:\Users\yzl001\AppData\Local\Microsoft\WindowsApps;;D:\devTool\fiddler;D:\devTool\ideal2021\IntelliJ IDEA 2021.3.3\bin;;D:\devTool\vscode\Microsoft VS Code\bin;C:\Users\yzl001\AppData\Roaming\npm;."/>
    <property name="java.vm.info" value="mixed mode"/>
    <property name="java.vendor" value="Oracle Corporation"/>
    <property name="java.vm.version" value="25.131-b11"/>
    <property name="java.ext.dirs" value="D:\devTool\jdk\jre\lib\ext;C:\Windows\Sun\Java\lib\ext"/>
    <property name="sun.io.unicode.encoding" value="UnicodeLittle"/>
    <property name="java.class.version" value="52.0"/>
  </properties>
  <testcase name="testMeiTuanGJ" classname="com.yzl.demo.DemoApplicationTests" time="0.141"/>
  <testcase name="upTurnOver" classname="com.yzl.demo.DemoApplicationTests" time="0"/>
  <testcase name="base64Decode" classname="com.yzl.demo.DemoApplicationTests" time="0.016"/>
  <testcase name="base64Encode" classname="com.yzl.demo.DemoApplicationTests" time="0"/>
  <testcase name="contextLoads" classname="com.yzl.demo.DemoApplicationTests" time="0"/>
</testsuite>